<?xml version="1.0" encoding="UTF-8"?>
<testsuites name="DemoTestSuite" time="33" tests="1" failures="0" errors="0">
   <testsuite name="DemoTestSuite" tests="1" failures="0" errors="0" time="33" timestamp="2018-08-27 22:48:39" hostname="139741 - 192.168.1.223" id="Test Suites/DemoTestSuite">
      <properties>
         <property name="deviceName" value=""/>
         <property name="devicePlatform" value=""/>
         <property name="logFolder" value="C:\\Users\\139741\\Katalon Studio\\DemoProjectKatalon\\Reports\\DemoTestSuite\\20180827_224837"/>
         <property name="logFiles" value="C:\\Users\\139741\\Katalon Studio\\DemoProjectKatalon\\Reports\\DemoTestSuite\\20180827_224837\\execution0.log"/>
         <property name="attachments" value=""/>
         <property name="hostName" value="139741 - 192.168.1.223"/>
         <property name="os" value="Windows 7 64bit"/>
         <property name="katalonVersion" value="5.6.1.1"/>
         <property name="browser" value="Chrome 67.0.3396.79"/>
         <property name="hostAddress" value="192.168.1.223"/>
         <property name="sessionId" value="33120cc6a4b98867200a2ada2143d248"/>
         <property name="seleniumVersion" value="3.7.1"/>
         <property name="proxyInformation" value="ProxyInformation{proxyOption=NO_PROXY, proxyServerType=HTTP, password=, proxyServerAddress=, proxyServerPort=0}"/>
         <property name="platform" value="Windows 7"/>
      </properties>
      <testcase name="Test Cases/DemoTest1" classname="Test Cases/DemoTest1" status="PASSED">
         <system-out><![CDATA[2018-08-27 22:48:40 - [TEST_CASE][PASSED] - Test Cases/DemoTest1: Test Cases/DemoTest1

2018-08-27 22:48:40 - [TEST_STEP][PASSED] - openBrowser: Browser is opened with url: ''

2018-08-27 22:48:49 - [MESSAGE][PASSED] - Browser is opened with url: ''

2018-08-27 22:48:49 - [TEST_STEP][PASSED] - navigateToUrl: Navigate to 'https://www.att.com/my/#/login' successfully

2018-08-27 22:48:50 - [MESSAGE][PASSED] - Navigate to 'https://www.att.com/my/#/login' successfully

2018-08-27 22:48:50 - [TEST_STEP][PASSED] - waitForPageLoad: Wait for page load successfully

2018-08-27 22:48:51 - [MESSAGE][PASSED] - Wait for page load successfully

2018-08-27 22:48:51 - [TEST_STEP][PASSED] - waitForElementVisible: Object 'Object Repository/Page_myATT Login - Pay Bills Online/h1_Sign in to manage your acco' is visible

2018-08-27 22:48:54 - [MESSAGE][PASSED] - Object 'Object Repository/Page_myATT Login - Pay Bills Online/h1_Sign in to manage your acco' is visible

2018-08-27 22:48:54 - [TEST_STEP][PASSED] - verifyElementPresent: Object 'Object Repository/Page_myATT Login - Pay Bills Online/h1_Sign in to manage your acco' is present

2018-08-27 22:48:54 - [MESSAGE][PASSED] - Object 'Object Repository/Page_myATT Login - Pay Bills Online/h1_Sign in to manage your acco' is present

2018-08-27 22:48:54 - [TEST_STEP][PASSED] - setText: Text 'budapudi@att.net' is set on object 'Object Repository/Page_myATT Login - Pay Bills Online/input_userName'

2018-08-27 22:48:54 - [MESSAGE][PASSED] - Text 'budapudi@att.net' is set on object 'Object Repository/Page_myATT Login - Pay Bills Online/input_userName'

2018-08-27 22:48:54 - [TEST_STEP][PASSED] - setEncryptedText: Text ****** has been set on object 'Object Repository/Page_myATT Login - Pay Bills Online/input_password'

2018-08-27 22:48:55 - [MESSAGE][PASSED] - Text ****** has been set on object 'Object Repository/Page_myATT Login - Pay Bills Online/input_password'

2018-08-27 22:48:55 - [TEST_STEP][PASSED] - click: Object: 'Object Repository/Page_myATT Login - Pay Bills Online/button_Sign in' is clicked on

2018-08-27 22:48:55 - [MESSAGE][PASSED] - Object: 'Object Repository/Page_myATT Login - Pay Bills Online/button_Sign in' is clicked on

2018-08-27 22:48:55 - [TEST_STEP][PASSED] - waitForElementVisible: Object 'Object Repository/Page_Overview Landing Page/h1_Welcome BHEEMARAJ' is visible

2018-08-27 22:49:02 - [MESSAGE][PASSED] - Object 'Object Repository/Page_Overview Landing Page/h1_Welcome BHEEMARAJ' is visible

2018-08-27 22:49:02 - [TEST_STEP][PASSED] - verifyElementPresent: Object 'Object Repository/Page_Overview Landing Page/h1_Welcome BHEEMARAJ' is present

2018-08-27 22:49:02 - [MESSAGE][PASSED] - Object 'Object Repository/Page_Overview Landing Page/h1_Welcome BHEEMARAJ' is present

2018-08-27 22:49:02 - [TEST_STEP][PASSED] - click: Object: 'Object Repository/Page_Overview Landing Page/span_bheemaraj' is clicked on

2018-08-27 22:49:02 - [MESSAGE][PASSED] - Object: 'Object Repository/Page_Overview Landing Page/span_bheemaraj' is clicked on

2018-08-27 22:49:02 - [TEST_STEP][PASSED] - waitForElementClickable: Object 'Object Repository/Page_Overview Landing Page/a_Sign out' is clickable

2018-08-27 22:49:03 - [MESSAGE][PASSED] - Object 'Object Repository/Page_Overview Landing Page/a_Sign out' is clickable

2018-08-27 22:49:03 - [TEST_STEP][PASSED] - click: Object: 'Object Repository/Page_Overview Landing Page/a_Sign out' is clicked on

2018-08-27 22:49:05 - [MESSAGE][PASSED] - Object: 'Object Repository/Page_Overview Landing Page/a_Sign out' is clicked on

2018-08-27 22:49:05 - [TEST_STEP][PASSED] - waitForElementVisible: Object 'Object Repository/Page_myATT Login - Pay Bills Online/h1_Sign in to manage your acco' is visible

2018-08-27 22:49:11 - [MESSAGE][PASSED] - Object 'Object Repository/Page_myATT Login - Pay Bills Online/h1_Sign in to manage your acco' is visible

2018-08-27 22:49:11 - [TEST_STEP][PASSED] - verifyElementPresent: Object 'Object Repository/Page_myATT Login - Pay Bills Online/h1_Sign in to manage your acco' is present

2018-08-27 22:49:11 - [MESSAGE][PASSED] - Object 'Object Repository/Page_myATT Login - Pay Bills Online/h1_Sign in to manage your acco' is present

2018-08-27 22:49:11 - [TEST_STEP][PASSED] - closeBrowser: Browser is closed

2018-08-27 22:49:12 - [MESSAGE][PASSED] - Browser is closed]]></system-out>
         <system-err><![CDATA[]]></system-err>
      </testcase>
      <system-out><![CDATA[2018-08-27 22:48:39 - [TEST_SUITE][PASSED] - DemoTestSuite: Test Cases/DemoTest1]]></system-out>
      <system-err><![CDATA[]]></system-err>
   </testsuite>
</testsuites>
